2015-07-28 04:25:08 - DemoLocation state updated to 52.52°N, 13.40°W, 0.00 m
2015-07-28 04:25:13 - Temperature_GF_Corridor state updated to 19.30000000
2015-07-28 04:25:13 - Temperature_GF_Toilet state updated to 17.60000000
2015-07-28 04:25:13 - Temperature_GF_Living state updated to 20.50000000
2015-07-28 04:25:14 - Temperature_GF_Kitchen state updated to 21.80000000
2015-07-28 04:25:14 - Temperature_FF_Bath state updated to 20.40000000
2015-07-28 04:25:14 - Temperature_FF_Office state updated to 18.50000000
2015-07-28 04:25:14 - Temperature_FF_Child state updated to 17.90000000
2015-07-28 04:25:14 - Temperature_FF_Bed state updated to 18.40000000
2015-07-28 04:25:18 - Temperature_GF_Corridor state updated to 18.00000000
2015-07-28 04:25:19 - Temperature_GF_Toilet state updated to 21.40000000
2015-07-28 04:25:19 - Temperature_GF_Living state updated to 19.10000000
2015-07-28 04:25:19 - Temperature_GF_Kitchen state updated to 21.70000000
2015-07-28 04:25:19 - Temperature_FF_Bath state updated to 20.70000000
2015-07-28 04:25:19 - Temperature_FF_Office state updated to 21.20000000
2015-07-28 04:25:19 - Temperature_FF_Child state updated to 22.00000000
2015-07-28 04:25:19 - Temperature_FF_Bed state updated to 20.30000000
2015-07-28 04:26:34 - Weather_Humidity state updated to 88
2015-07-28 04:26:35 - Weather_Temperature state updated to 15
2015-07-28 04:26:39 - Weather_LastUpdate state updated to 2015-07-28T04:26:39
2015-07-28 04:26:49 - Weather_Humidex state updated to 17.7733021777419728
2015-07-28 04:26:51 - Weather_Humidex state updated to 17.7733021777419728
2015-07-28 04:27:35 - Weather_Humidity state updated to 88
2015-07-28 04:27:43 - Weather_Temperature state updated to 15
2015-07-28 04:27:43 - Weather_LastUpdate state updated to 2015-07-28T04:27:43
2015-07-28 04:28:36 - Weather_Humidity state updated to 88
2015-07-28 04:28:38 - Weather_Temperature state updated to 15
2015-07-28 04:28:38 - Weather_LastUpdate state updated to 2015-07-28T04:28:38
2015-07-28 04:29:39 - Weather_Humidity state updated to 88
2015-07-28 04:29:40 - Weather_Temperature state updated to 15
2015-07-28 04:29:40 - Weather_LastUpdate state updated to 2015-07-28T04:29:40
2015-07-28 04:30:00 - Temperature_GF_Corridor state updated to 17.80000000
2015-07-28 04:30:01 - Temperature_GF_Toilet state updated to 22.10000000
2015-07-28 04:30:01 - Temperature_GF_Living state updated to 18.10000000
2015-07-28 04:30:01 - Temperature_GF_Kitchen state updated to 18.90000000
2015-07-28 04:30:02 - Temperature_FF_Bath state updated to 18.60000000
2015-07-28 04:30:02 - Temperature_FF_Office state updated to 21.40000000
2015-07-28 04:30:02 - Temperature_FF_Child state updated to 19.60000000
2015-07-28 04:30:03 - Temperature_FF_Bed state updated to 21.70000000
2015-07-28 04:30:41 - Weather_Humidity state updated to 88
2015-07-28 04:30:43 - Weather_Temperature state updated to 15
2015-07-28 04:30:43 - Weather_LastUpdate state updated to 2015-07-28T04:30:43
2015-07-28 04:31:44 - Weather_Humidity state updated to 88
2015-07-28 04:31:44 - Weather_Temperature state updated to 15
2015-07-28 04:31:45 - Weather_LastUpdate state updated to 2015-07-28T04:31:45
2015-07-28 04:32:45 - Weather_Humidity state updated to 88
2015-07-28 04:32:47 - Weather_Temperature state updated to 15
2015-07-28 04:32:47 - Weather_LastUpdate state updated to 2015-07-28T04:32:47
2015-07-28 04:33:48 - Weather_Humidity state updated to 88
2015-07-28 04:33:49 - Weather_Temperature state updated to 15
2015-07-28 04:33:49 - Weather_LastUpdate state updated to 2015-07-28T04:33:49
2015-07-28 04:34:50 - Weather_Humidity state updated to 88
2015-07-28 04:34:51 - Weather_Temperature state updated to 15
2015-07-28 04:34:51 - Weather_LastUpdate state updated to 2015-07-28T04:34:51
2015-07-28 04:35:00 - Temperature_GF_Corridor state updated to 22.10000000
2015-07-28 04:35:00 - Temperature_GF_Toilet state updated to 20.80000000
2015-07-28 04:35:00 - Temperature_GF_Living state updated to 17.90000000
2015-07-28 04:35:01 - Temperature_GF_Kitchen state updated to 22.50000000
2015-07-28 04:35:01 - Temperature_FF_Bath state updated to 20.90000000
2015-07-28 04:35:01 - Temperature_FF_Office state updated to 20.10000000
2015-07-28 04:35:01 - Temperature_FF_Child state updated to 21.20000000
2015-07-28 04:35:01 - Temperature_FF_Bed state updated to 21.50000000
2015-07-28 04:35:52 - Weather_Humidity state updated to 88
2015-07-28 04:35:53 - Weather_Temperature state updated to 15
2015-07-28 04:35:53 - Weather_LastUpdate state updated to 2015-07-28T04:35:53
2015-07-28 04:36:54 - Weather_Humidity state updated to 88
2015-07-28 04:36:54 - Weather_Temperature state updated to 15
2015-07-28 04:36:55 - Weather_LastUpdate state updated to 2015-07-28T04:36:55
2015-07-28 04:37:55 - Weather_Humidity state updated to 82
2015-07-28 04:37:56 - Weather_Humidex state updated to 17.2054255065322928
2015-07-28 04:37:57 - Weather_Temperature state updated to 16
2015-07-28 04:37:58 - Weather_LastUpdate state updated to 2015-07-28T04:37:58
2015-07-28 04:37:58 - Weather_Humidex state updated to 18.7186118606377836
2015-07-28 04:38:57 - Weather_Humidity state updated to 82
2015-07-28 04:38:59 - Weather_Temperature state updated to 16
2015-07-28 04:38:59 - Weather_LastUpdate state updated to 2015-07-28T04:38:59
2015-07-28 04:40:00 - Temperature_GF_Corridor state updated to 18.90000000
2015-07-28 04:40:00 - Temperature_GF_Toilet state updated to 19.40000000
2015-07-28 04:40:01 - Temperature_GF_Living state updated to 20.80000000
2015-07-28 04:40:01 - Temperature_GF_Kitchen state updated to 18.40000000
2015-07-28 04:40:01 - Temperature_FF_Bath state updated to 18.80000000
2015-07-28 04:40:01 - Temperature_FF_Office state updated to 18.20000000
2015-07-28 04:40:02 - Weather_Humidity state updated to 82
2015-07-28 04:40:02 - Temperature_FF_Child state updated to 18.70000000
2015-07-28 04:40:02 - Temperature_FF_Bed state updated to 20.60000000
2015-07-28 04:40:02 - Weather_Temperature state updated to 16
2015-07-28 04:40:02 - Weather_LastUpdate state updated to 2015-07-28T04:40:02
2015-07-28 04:41:02 - Weather_Humidity state updated to 82
2015-07-28 04:41:03 - Weather_Temperature state updated to 16
2015-07-28 04:41:03 - Weather_LastUpdate state updated to 2015-07-28T04:41:03
2015-07-28 04:42:03 - Weather_Humidity state updated to 82
2015-07-28 04:42:04 - Weather_Temperature state updated to 16
2015-07-28 04:42:04 - Weather_LastUpdate state updated to 2015-07-28T04:42:04
2015-07-28 04:43:06 - Weather_Humidity state updated to 82
2015-07-28 04:43:06 - Weather_Temperature state updated to 16
2015-07-28 04:43:06 - Weather_LastUpdate state updated to 2015-07-28T04:43:06
2015-07-28 04:44:08 - Weather_Humidity state updated to 82
2015-07-28 04:44:09 - Weather_Temperature state updated to 16
2015-07-28 04:44:09 - Weather_LastUpdate state updated to 2015-07-28T04:44:09
2015-07-28 04:45:00 - Temperature_GF_Corridor state updated to 19.80000000
2015-07-28 04:45:00 - Temperature_GF_Toilet state updated to 20.50000000
2015-07-28 04:45:01 - Temperature_GF_Living state updated to 22.10000000
2015-07-28 04:45:01 - Temperature_GF_Kitchen state updated to 19.30000000
2015-07-28 04:45:01 - Temperature_FF_Bath state updated to 20.60000000
2015-07-28 04:45:01 - Temperature_FF_Office state updated to 19.00000000
2015-07-28 04:45:01 - Temperature_FF_Child state updated to 21.60000000
2015-07-28 04:45:01 - Temperature_FF_Bed state updated to 18.90000000
2015-07-28 04:45:09 - Weather_Humidity state updated to 82
2015-07-28 04:45:11 - Weather_Temperature state updated to 16
2015-07-28 04:45:11 - Weather_LastUpdate state updated to 2015-07-28T04:45:11
2015-07-28 05:29:51 - Light_GF_Living_Table state updated to ON
2015-07-28 05:29:51 - Light_GF_Corridor_Ceiling state updated to OFF
2015-07-28 05:29:51 - Light_GF_Kitchen_Ceiling state updated to OFF
2015-07-28 05:29:51 - Light_GF_Kitchen_Table state updated to OFF
2015-07-28 05:29:52 - Light_GF_Corridor_Wardrobe state updated to ON
2015-07-28 05:29:52 - Light_GF_Toilet_Ceiling state updated to OFF
2015-07-28 05:29:52 - Light_GF_Toilet_Mirror state updated to OFF
2015-07-28 05:29:52 - Light_FF_Bath_Ceiling state updated to OFF
2015-07-28 05:29:52 - Light_FF_Bath_Mirror state updated to OFF
2015-07-28 05:29:52 - Light_FF_Corridor_Ceiling state updated to OFF
2015-07-28 05:29:52 - Light_FF_Office_Ceiling state updated to OFF
2015-07-28 05:29:52 - Light_FF_Child_Ceiling state updated to OFF
2015-07-28 05:29:52 - Light_FF_Bed_Ceiling state updated to ON
2015-07-28 05:29:52 - Light_C_Corridor_Ceiling state updated to OFF
2015-07-28 05:29:52 - Light_C_Staircase state updated to OFF
2015-07-28 05:29:52 - Light_C_Washing_Ceiling state updated to OFF
2015-07-28 05:29:52 - Light_C_Workshop state updated to OFF
2015-07-28 05:29:52 - Light_Outdoor_Garage state updated to OFF
2015-07-28 05:29:52 - Light_Outdoor_Terrace state updated to OFF
2015-07-28 05:29:52 - Light_Outdoor_Frontdoor state updated to OFF
2015-07-28 05:29:55 - Heating_GF_Corridor state updated to OFF
2015-07-28 05:29:55 - Heating_GF_Toilet state updated to OFF
2015-07-28 05:29:55 - Heating_GF_Living state updated to OFF
2015-07-28 05:29:55 - Heating_GF_Kitchen state updated to OFF
2015-07-28 05:29:55 - Heating_FF_Bath state updated to OFF
2015-07-28 05:29:55 - Heating_FF_Office state updated to OFF
2015-07-28 05:29:55 - Heating_FF_Child state updated to OFF
2015-07-28 05:29:55 - Heating_FF_Bed state updated to OFF
2015-07-28 05:29:56 - Temperature_Setpoint state updated to 22
2015-07-28 05:29:58 - Window_GF_Frontdoor state updated to CLOSED
2015-07-28 05:29:58 - Window_GF_Kitchen state updated to CLOSED
2015-07-28 05:29:59 - Window_GF_Living state updated to OPEN
2015-07-28 05:29:59 - Window_GF_Toilet state updated to OPEN
2015-07-28 05:29:59 - Window_FF_Bath state updated to OPEN
2015-07-28 05:29:59 - Window_FF_Bed state updated to OPEN
2015-07-28 05:29:59 - Window_FF_Office_Window state updated to CLOSED
2015-07-28 05:29:59 - Window_FF_Office_Door state updated to OPEN
2015-07-28 05:29:59 - Garage_Door state updated to OPEN
2015-07-28 05:29:59 - DemoLocation state updated to 52.52°N, 13.40°W, 0.00 m
2015-07-28 06:01:39 - DemoLocation state updated to 52.52°N, 13.40°W, 0.00 m
2015-07-28 06:01:39 - Temperature_GF_Corridor state updated to 18.20000000
2015-07-28 06:01:39 - Temperature_GF_Toilet state updated to 18.20000000
2015-07-28 06:01:39 - Temperature_GF_Living state updated to 17.90000000
2015-07-28 06:01:39 - Temperature_GF_Kitchen state updated to 21.70000000
2015-07-28 06:01:39 - Temperature_FF_Bath state updated to 17.70000000
2015-07-28 06:01:39 - Temperature_FF_Office state updated to 18.90000000
2015-07-28 06:01:39 - Temperature_FF_Child state updated to 20.20000000
2015-07-28 06:01:39 - Temperature_FF_Bed state updated to 22.00000000
2015-07-28 06:01:39 - Temperature_GF_Corridor state updated to 18.60000000
2015-07-28 06:01:39 - Temperature_GF_Toilet state updated to 19.90000000
2015-07-28 06:01:39 - Temperature_GF_Living state updated to 19.80000000
2015-07-28 06:01:39 - Temperature_GF_Kitchen state updated to 18.90000000
2015-07-28 06:01:39 - Temperature_FF_Bath state updated to 20.00000000
2015-07-28 06:01:39 - Temperature_FF_Office state updated to 20.30000000
2015-07-28 06:01:39 - Temperature_FF_Child state updated to 21.20000000
2015-07-28 06:01:39 - Temperature_FF_Bed state updated to 19.90000000
2015-07-28 06:01:39 - DemoLocation state updated to 52.52°N, 13.40°W, 0.00 m
2015-07-28 06:01:39 - Temperature_GF_Corridor state updated to 21.40000000
2015-07-28 06:01:39 - Temperature_GF_Toilet state updated to 18.40000000
2015-07-28 06:01:39 - Temperature_GF_Living state updated to 18.10000000
2015-07-28 06:01:39 - Temperature_GF_Kitchen state updated to 18.20000000
2015-07-28 06:01:39 - Temperature_FF_Bath state updated to 21.40000000
2015-07-28 06:01:39 - Temperature_FF_Office state updated to 21.40000000
2015-07-28 06:01:39 - Temperature_FF_Child state updated to 19.10000000
2015-07-28 06:01:39 - Temperature_FF_Bed state updated to 21.10000000
2015-07-28 06:01:39 - Temperature_GF_Corridor state updated to 19.50000000
2015-07-28 06:01:39 - Temperature_GF_Toilet state updated to 17.60000000
2015-07-28 06:01:39 - Temperature_GF_Living state updated to 21.10000000
2015-07-28 06:01:39 - Temperature_GF_Kitchen state updated to 22.40000000
2015-07-28 06:01:39 - Temperature_FF_Bath state updated to 21.60000000
2015-07-28 06:01:39 - Temperature_FF_Office state updated to 21.00000000
2015-07-28 06:01:39 - Temperature_FF_Child state updated to 20.00000000
2015-07-28 06:01:39 - Temperature_FF_Bed state updated to 18.40000000
2015-07-28 06:05:00 - Temperature_GF_Corridor state updated to 21.30000000
2015-07-28 06:05:00 - Temperature_GF_Toilet state updated to 21.10000000
2015-07-28 06:05:00 - Temperature_GF_Living state updated to 19.20000000
2015-07-28 06:05:00 - Temperature_GF_Kitchen state updated to 21.90000000
2015-07-28 06:05:00 - Temperature_FF_Bath state updated to 20.90000000
2015-07-28 06:05:00 - Temperature_FF_Office state updated to 19.20000000
2015-07-28 06:05:00 - Temperature_FF_Child state updated to 22.40000000
2015-07-28 06:05:00 - Temperature_FF_Bed state updated to 18.70000000
2015-07-28 06:05:00 - Temperature_GF_Corridor state updated to 20.20000000
2015-07-28 06:05:00 - Temperature_GF_Toilet state updated to 20.70000000
2015-07-28 06:05:00 - Temperature_GF_Living state updated to 18.50000000
2015-07-28 06:05:00 - Temperature_GF_Kitchen state updated to 18.10000000
2015-07-28 06:05:00 - Temperature_FF_Bath state updated to 18.20000000
2015-07-28 06:05:00 - Temperature_FF_Office state updated to 19.90000000
2015-07-28 06:05:00 - Temperature_FF_Child state updated to 19.00000000
2015-07-28 06:05:00 - Temperature_FF_Bed state updated to 19.10000000
2015-07-28 06:10:00 - Temperature_GF_Corridor state updated to 21.20000000
2015-07-28 06:10:00 - Temperature_GF_Toilet state updated to 19.90000000
2015-07-28 06:10:00 - Temperature_GF_Living state updated to 19.10000000
2015-07-28 06:10:00 - Temperature_GF_Kitchen state updated to 18.10000000
2015-07-28 06:10:00 - Temperature_FF_Bath state updated to 18.00000000
2015-07-28 06:10:00 - Temperature_FF_Office state updated to 21.70000000
2015-07-28 06:10:00 - Temperature_FF_Child state updated to 22.20000000
2015-07-28 06:10:00 - Temperature_FF_Bed state updated to 18.80000000
2015-07-28 06:14:55 - gpio_led17 received command ON
2015-07-28 06:15:01 - gpio_led17 received command OFF
2015-07-28 06:15:04 - gpio_led17 received command ON
2015-07-28 06:15:06 - gpio_led17 received command OFF
2015-07-28 06:15:16 - DemoLocation state updated to 52.52°N, 13.40°W, 0.00 m
2015-07-28 06:15:17 - gpio_led17 received command ON
2015-07-28 06:15:18 - Temperature_GF_Corridor state updated to 20.40000000
2015-07-28 06:15:18 - Temperature_GF_Toilet state updated to 19.20000000
2015-07-28 06:15:18 - Temperature_GF_Living state updated to 19.60000000
2015-07-28 06:15:18 - Temperature_GF_Kitchen state updated to 21.20000000
2015-07-28 06:15:18 - Temperature_FF_Bath state updated to 19.50000000
2015-07-28 06:15:18 - Temperature_FF_Office state updated to 21.00000000
2015-07-28 06:15:18 - Temperature_FF_Child state updated to 21.00000000
2015-07-28 06:15:18 - Temperature_FF_Bed state updated to 21.40000000
2015-07-28 06:15:20 - Temperature_GF_Corridor state updated to 19.80000000
2015-07-28 06:15:20 - Temperature_GF_Toilet state updated to 20.80000000
2015-07-28 06:15:20 - Temperature_GF_Living state updated to 19.40000000
2015-07-28 06:15:20 - Temperature_GF_Kitchen state updated to 18.90000000
2015-07-28 06:15:20 - Temperature_FF_Bath state updated to 20.00000000
2015-07-28 06:15:20 - Temperature_FF_Office state updated to 21.70000000
2015-07-28 06:15:20 - Temperature_FF_Child state updated to 17.70000000
2015-07-28 06:15:20 - Temperature_FF_Bed state updated to 22.10000000
2015-07-28 06:15:21 - gpio_led17 received command OFF
2015-07-28 06:18:03 - gpio_led17 state updated to OFF
2015-07-28 06:18:03 - gpio_led17 received command ON
2015-07-28 06:18:04 - gpio_led17 received command OFF
2015-07-28 06:18:06 - gpio_led17 received command ON
2015-07-28 06:18:07 - gpio_led17 received command OFF
2015-07-28 06:18:10 - gpio_led17 received command ON
2015-07-28 06:18:22 - DemoLocation state updated to 52.52°N, 13.40°W, 0.00 m
2015-07-28 06:18:24 - Temperature_GF_Corridor state updated to 18.80000000
2015-07-28 06:18:24 - Temperature_GF_Toilet state updated to 21.40000000
2015-07-28 06:18:24 - Temperature_GF_Living state updated to 17.70000000
2015-07-28 06:18:24 - Temperature_GF_Kitchen state updated to 19.80000000
2015-07-28 06:18:24 - Temperature_FF_Bath state updated to 22.00000000
2015-07-28 06:18:24 - Temperature_FF_Office state updated to 21.60000000
2015-07-28 06:18:24 - Temperature_FF_Child state updated to 20.50000000
2015-07-28 06:18:25 - Temperature_FF_Bed state updated to 20.80000000
2015-07-28 06:18:37 - gpio_led17 received command OFF
2015-07-28 06:18:39 - gpio_led17 received command ON
2015-07-28 06:18:41 - gpio_led17 received command OFF
2015-07-28 06:18:42 - gpio_led17 received command ON
2015-07-28 06:18:44 - gpio_led17 received command OFF
2015-07-28 06:18:48 - gpio_led17 received command ON
2015-07-28 06:18:51 - gpio_led17 received command OFF
2015-07-28 06:20:00 - Temperature_GF_Corridor state updated to 20.70000000
2015-07-28 06:20:00 - Temperature_GF_Toilet state updated to 17.60000000
2015-07-28 06:20:00 - Temperature_GF_Living state updated to 20.90000000
2015-07-28 06:20:00 - Temperature_GF_Kitchen state updated to 19.30000000
2015-07-28 06:20:00 - Temperature_FF_Bath state updated to 18.90000000
2015-07-28 06:20:00 - Temperature_FF_Office state updated to 18.80000000
2015-07-28 06:20:00 - Temperature_FF_Child state updated to 20.60000000
2015-07-28 06:20:00 - Temperature_FF_Bed state updated to 17.80000000
2015-07-28 06:20:02 - gpio_led17 received command ON
2015-07-28 06:20:03 - gpio_led17 received command OFF
2015-07-28 06:20:04 - gpio_led17 received command ON
2015-07-28 06:20:05 - gpio_led17 received command OFF
2015-07-28 06:20:05 - gpio_led17 received command ON
