2015-07-28 04:30:01,241 - Temperature_GF_Corridor  : 17.80000000
2015-07-28 04:30:01,431 - Temperature_GF_Toilet    : 22.10000000
2015-07-28 04:30:01,689 - Temperature_GF_Living    : 18.10000000
2015-07-28 04:30:02,004 - Temperature_GF_Kitchen   : 18.90000000
2015-07-28 04:30:02,325 - Temperature_FF_Bath      : 18.60000000
2015-07-28 04:30:02,688 - Temperature_FF_Office    : 21.40000000
2015-07-28 04:30:03,318 - Temperature_FF_Child     : 19.60000000
2015-07-28 04:30:03,605 - Temperature_FF_Bed       : 21.70000000
2015-07-28 04:35:00,659 - Temperature_GF_Corridor  : 22.10000000
2015-07-28 04:35:00,900 - Temperature_GF_Toilet    : 20.80000000
2015-07-28 04:35:01,095 - Temperature_GF_Living    : 17.90000000
2015-07-28 04:35:01,295 - Temperature_GF_Kitchen   : 22.50000000
2015-07-28 04:35:01,538 - Temperature_FF_Bath      : 20.90000000
2015-07-28 04:35:01,732 - Temperature_FF_Office    : 20.10000000
2015-07-28 04:35:01,986 - Temperature_FF_Child     : 21.20000000
2015-07-28 04:35:02,176 - Temperature_FF_Bed       : 21.50000000
2015-07-28 04:40:00,732 - Temperature_GF_Corridor  : 18.90000000
2015-07-28 04:40:01,099 - Temperature_GF_Toilet    : 19.40000000
2015-07-28 04:40:01,269 - Temperature_GF_Living    : 20.80000000
2015-07-28 04:40:01,769 - Temperature_GF_Kitchen   : 18.40000000
2015-07-28 04:40:01,947 - Temperature_FF_Bath      : 18.80000000
2015-07-28 04:40:02,101 - Temperature_FF_Office    : 18.20000000
2015-07-28 04:40:02,384 - Temperature_FF_Child     : 18.70000000
2015-07-28 04:40:02,516 - Temperature_FF_Bed       : 20.60000000
2015-07-28 04:45:00,590 - Temperature_GF_Corridor  : 19.80000000
2015-07-28 04:45:01,016 - Temperature_GF_Toilet    : 20.50000000
2015-07-28 04:45:01,161 - Temperature_GF_Living    : 22.10000000
2015-07-28 04:45:01,298 - Temperature_GF_Kitchen   : 19.30000000
2015-07-28 04:45:01,512 - Temperature_FF_Bath      : 20.60000000
2015-07-28 04:45:01,689 - Temperature_FF_Office    : 19.00000000
2015-07-28 04:45:01,807 - Temperature_FF_Child     : 21.60000000
2015-07-28 04:45:01,982 - Temperature_FF_Bed       : 18.90000000
